Warning: Running a server with --disable-host-check is a security risk. See https://medium.com/webpack/webpack-dev-server-middleware-security-issues-1489d950874a for more information.
? Port 4200 is already in use.
Would you like to use a different port? (Y/n) [46D[46C[2K[1A[2K[G? Port 4200 is already in use.
Would you like to use a different port? (Y/n) Y[47D[47C[2K[1A[2K[G? Port 4200 is already in use.
Would you like to use a different port? Yes[43D[43C
- Generating browser application bundles (phase: setup)...
âœ” Browser application bundle generation complete.

Initial Chunk Files                                               | Names                                      |  Raw Size
vendor.js                                                         | vendor                                     |  27.86 MB |
main.js                                                           | main                                       |  26.77 MB |
styles.css, styles.js                                             | styles                                     |   5.73 MB |
scripts.js                                                        | scripts                                    | 599.67 kB |
polyfills.js                                                      | polyfills                                  | 335.69 kB |
runtime.js                                                        | runtime                                    |  12.95 kB |

| Initial Total                              |  61.29 MB

Lazy Chunk Files                                                  | Names                                      |  Raw Size
default-src_app_crud_crud_module_ts-src_app_material-module_ts.js | app-futures-futures-module                 |   1.71 MB |
src_app_ytd_ytd_module_ts.js                                      | app-ytd-ytd-module                         | 796.33 kB |
src_app_fundamentals_fundamental_module_ts.js                     | app-fundamentals-fundamental-module        | 525.46 kB |
default-src_app_shared_shared-module_ts.js                        | app-home-home-module                       | 297.47 kB |
src_app_assets_assets_module_ts.js                                | app-assets-assets-module                   |  93.85 kB |
src_app_quotes_quotes_module_ts.js                                | app-quotes-quotes-module                   |  48.71 kB |
src_app_portfolios_portfolio_module_ts.js                         | app-portfolios-portfolio-module            |  43.07 kB |
src_app_users_users_module_ts.js                                  | app-users-users-module                     |  30.35 kB |
src_app_rates_rates_module_ts.js                                  | app-rates-rates-module                     |  30.26 kB |
src_app_analytics_analytics_module_ts.js                          | app-analytics-analytics-module             |  30.22 kB |
common.js                                                         | common                                     |  27.26 kB |
src_app_spread-analysis_spread-analysis_module_ts.js              | app-spread-analysis-spread-analysis-module |  26.85 kB |
src_app_feed_feed_module_ts.js                                    | app-feed-feed-module                       |  26.39 kB |
src_app_earnings_earnings_module_ts.js                            | app-earnings-earnings-module               |  25.53 kB |
src_app_option_option_module_ts.js                                | app-option-option-module                   |  24.60 kB |
src_app_mutual-funds_mutual-funds_module_ts.js                    | app-mutual-funds-mutual-funds-module       |  24.41 kB |
src_app_bond_bond_module_ts.js                                    | app-bond-bond-module                       |  23.46 kB |
src_app_forex_forex_module_ts.js                                  | app-forex-forex-module                     |  22.86 kB |
src_app_etfs_etf_module_ts.js                                     | app-etfs-etf-module                        |  22.67 kB |
src_app_economics_economics_module_ts.js                          | app-economics-economics-module             |  22.56 kB |
src_app_market-index_market-index_module_ts.js                    | app-market-index-market-index-module       |  22.51 kB |
src_app_futures_futures_module_ts.js                              | app-futures-futures-module                 |  22.33 kB |
src_app_alert_alert_module_ts.js                                  | app-alert-alert-module                     |  22.11 kB |
src_app_crypto_crypto_module_ts.js                                | app-crypto-crypto-module                   |  20.49 kB |
src_app_insider-trading_insider-trading_module_ts.js              | app-insider-trading-insider-trading-module |  19.10 kB |
src_app_home_home_module_ts.js                                    | app-home-home-module                       |  15.21 kB |
src_app_ibkr_ibkr_module_ts.js                                    | app-ibkr-ibkr-module                       |   9.96 kB |

Build at: 2023-11-26T20:56:12.609Z - Hash: 4d567f807d5a4d83 - Time: 121178ms

Error: src/app/analytics.service.ts:231:63 - error TS2339: Property 'scatter_plot' does not exist on type 'Promise<any> | (() => Promise<string>)'.
  Property 'scatter_plot' does not exist on type 'Promise<any>'.

231                                         finalData = awsS3Data.scatter_plot;
                                                                  ~~~~~~~~~~~~


Error: src/app/analytics.service.ts:236:63 - error TS2339: Property 'explained_variance_fig' does not exist on type 'Promise<any> | (() => Promise<string>)'.
  Property 'explained_variance_fig' does not exist on type 'Promise<any>'.

236                                         finalData = awsS3Data.explained_variance_fig;
                                                                  ~~~~~~~~~~~~~~~~~~~~~~


Error: src/app/analytics.service.ts:241:63 - error TS2339: Property 'pc_returns_vs_index_returns_fig' does not exist on type 'Promise<any> | (() => Promise<string>)'.
  Property 'pc_returns_vs_index_returns_fig' does not exist on type 'Promise<any>'.

241                                         finalData = awsS3Data.pc_returns_vs_index_returns_fig;
                                                                  ~~~~~~~~~~~~~~~~~~~~~~~~~~~~~~~


Error: src/app/analytics.service.ts:251:102 - error TS2339: Property 'covarince_matrix_html' does not exist on type 'Promise<any> | (() => Promise<string>)'.
  Property 'covarince_matrix_html' does not exist on type 'Promise<any>'.

251                                         finalData = this.sanitizer.bypassSecurityTrustHtml(awsS3Data.covarince_matrix_html);
                                                                                                         ~~~~~~~~~~~~~~~~~~~~~


Error: src/app/analytics.service.ts:256:64 - error TS2345: Argument of type 'Promise<any> | (() => Promise<string>)' is not assignable to parameter of type 'string'.
  Type 'Promise<any>' is not assignable to type 'string'.

256                                         awsS3Data = JSON.parse(awsS3Data);
                                                                   ~~~~~~~~~


Error: src/app/analytics.service.ts:258:73 - error TS2339: Property 'data' does not exist on type 'Promise<any> | (() => Promise<string>)'.
  Property 'data' does not exist on type 'Promise<any>'.

258                                         for (let _i = 0; _i < awsS3Data.data.length; _i++) {
                                                                            ~~~~


Error: src/app/analytics.service.ts:261:65 - error TS2339: Property 'index' does not exist on type 'Promise<any> | (() => Promise<string>)'.
  Property 'index' does not exist on type 'Promise<any>'.

261                                                 Stat: awsS3Data.index[_i]
                                                                    ~~~~~


Error: src/app/analytics.service.ts:263:77 - error TS2339: Property 'columns' does not exist on type 'Promise<any> | (() => Promise<string>)'.
  Property 'columns' does not exist on type 'Promise<any>'.

263                                             for (let _q = 0; _q < awsS3Data.columns.length; _q++) {
                                                                                ~~~~~~~


Error: src/app/analytics.service.ts:264:64 - error TS2339: Property 'columns' does not exist on type 'Promise<any> | (() => Promise<string>)'.
  Property 'columns' does not exist on type 'Promise<any>'.

264                                                 stat[awsS3Data.columns[_q]] = awsS3Data.data[_i][_q];
                                                                   ~~~~~~~


Error: src/app/analytics.service.ts:264:89 - error TS2339: Property 'data' does not exist on type 'Promise<any> | (() => Promise<string>)'.
  Property 'data' does not exist on type 'Promise<any>'.

264                                                 stat[awsS3Data.columns[_q]] = awsS3Data.data[_i][_q];
                                                                                            ~~~~


Error: src/app/analytics.service.ts:325:36 - error TS2339: Property 'returns_tear_sheet' does not exist on type 'Promise<any> | (() => Promise<string>)'.
  Property 'returns_tear_sheet' does not exist on type 'Promise<any>'.

325                     if (!awsS3Data.returns_tear_sheet) {
                                       ~~~~~~~~~~~~~~~~~~


Error: src/app/analytics.service.ts:338:99 - error TS2339: Property 'returns_tear_sheet' does not exist on type 'Promise<any> | (() => Promise<string>)'.
  Property 'returns_tear_sheet' does not exist on type 'Promise<any>'.

338                         message: `Asset returns tear sheet for ${data.p_i.args}`, data: awsS3Data.returns_tear_sheet
                                                                                                      ~~~~~~~~~~~~~~~~~~


Error: src/app/assets/assets.service.ts:12:22 - error TS2307: Cannot find module '@angular/http' or its corresponding type declarations.

12 import { Http } from '@angular/http';
                        ~~~~~~~~~~~~~~~


Error: src/app/bond/bond.service.ts:8:32 - error TS2307: Cannot find module '@angular/http' or its corresponding type declarations.

8 import { Http, Response } from '@angular/http';
                                 ~~~~~~~~~~~~~~~


Error: src/app/common/nsq.service.ts:8:32 - error TS2307: Cannot find module '@angular/http' or its corresponding type declarations.

8 import { Http, Response } from '@angular/http';
                                 ~~~~~~~~~~~~~~~


Error: src/app/earnings/earnings.service.ts:2:32 - error TS2307: Cannot find module '@angular/http' or its corresponding type declarations.

2 import { Http, Response } from '@angular/http';
                                 ~~~~~~~~~~~~~~~


Error: src/app/etfs/etf.service.ts:2:32 - error TS2307: Cannot find module '@angular/http' or its corresponding type declarations.

2 import { Http, Response } from '@angular/http';
                                 ~~~~~~~~~~~~~~~


Error: src/app/feed/feed.service.ts:2:32 - error TS2307: Cannot find module '@angular/http' or its corresponding type declarations.

2 import { Http, Response } from '@angular/http';
                                 ~~~~~~~~~~~~~~~


Error: src/app/fundamentals/fundamental.service.ts:2:32 - error TS2307: Cannot find module '@angular/http' or its corresponding type declarations.

2 import { Http, Response } from '@angular/http';
                                 ~~~~~~~~~~~~~~~


Error: src/app/ignite-ui/main/dashboard.service.ts:4:32 - error TS2307: Cannot find module '@angular/http' or its corresponding type declarations.

4 import { Http, Response } from '@angular/http';
                                 ~~~~~~~~~~~~~~~


Error: src/app/mutual-funds/mutual-funds.service.ts:2:32 - error TS2307: Cannot find module '@angular/http' or its corresponding type declarations.

2 import { Http, Response } from '@angular/http';
                                 ~~~~~~~~~~~~~~~


Error: src/app/option/option.service.ts:7:32 - error TS2307: Cannot find module '@angular/http' or its corresponding type declarations.

7 import { Http, Response } from '@angular/http';
                                 ~~~~~~~~~~~~~~~


Error: src/app/quotes/quotes.service.ts:11:32 - error TS2307: Cannot find module '@angular/http' or its corresponding type declarations.

11 import { Http, Response } from '@angular/http';
                                  ~~~~~~~~~~~~~~~




** Angular Live Development Server is listening on 0.0.0.0:42885, open your browser on http://localhost:42885/ **


âœ– Failed to compile.
âœ” Browser application bundle generation complete.

Initial Chunk Files | Names   | Raw Size
main.js             | main    | 26.77 MB |
runtime.js          | runtime | 12.95 kB |

31 unchanged chunks

Build at: 2023-11-26T20:59:35.444Z - Hash: 435ce93ee64ddb61 - Time: 49918ms

Error: src/app/analytics.service.ts:231:63 - error TS2339: Property 'scatter_plot' does not exist on type 'Promise<any> | (() => Promise<string>)'.
  Property 'scatter_plot' does not exist on type 'Promise<any>'.

231                                         finalData = awsS3Data.scatter_plot;
                                                                  ~~~~~~~~~~~~


Error: src/app/analytics.service.ts:236:63 - error TS2339: Property 'explained_variance_fig' does not exist on type 'Promise<any> | (() => Promise<string>)'.
  Property 'explained_variance_fig' does not exist on type 'Promise<any>'.

236                                         finalData = awsS3Data.explained_variance_fig;
                                                                  ~~~~~~~~~~~~~~~~~~~~~~


Error: src/app/analytics.service.ts:241:63 - error TS2339: Property 'pc_returns_vs_index_returns_fig' does not exist on type 'Promise<any> | (() => Promise<string>)'.
  Property 'pc_returns_vs_index_returns_fig' does not exist on type 'Promise<any>'.

241                                         finalData = awsS3Data.pc_returns_vs_index_returns_fig;
                                                                  ~~~~~~~~~~~~~~~~~~~~~~~~~~~~~~~


Error: src/app/analytics.service.ts:251:102 - error TS2339: Property 'covarince_matrix_html' does not exist on type 'Promise<any> | (() => Promise<string>)'.
  Property 'covarince_matrix_html' does not exist on type 'Promise<any>'.

251                                         finalData = this.sanitizer.bypassSecurityTrustHtml(awsS3Data.covarince_matrix_html);
                                                                                                         ~~~~~~~~~~~~~~~~~~~~~


Error: src/app/analytics.service.ts:256:64 - error TS2345: Argument of type 'Promise<any> | (() => Promise<string>)' is not assignable to parameter of type 'string'.
  Type 'Promise<any>' is not assignable to type 'string'.

256                                         awsS3Data = JSON.parse(awsS3Data);
                                                                   ~~~~~~~~~


Error: src/app/analytics.service.ts:258:73 - error TS2339: Property 'data' does not exist on type 'Promise<any> | (() => Promise<string>)'.
  Property 'data' does not exist on type 'Promise<any>'.

258                                         for (let _i = 0; _i < awsS3Data.data.length; _i++) {
                                                                            ~~~~


Error: src/app/analytics.service.ts:261:65 - error TS2339: Property 'index' does not exist on type 'Promise<any> | (() => Promise<string>)'.
  Property 'index' does not exist on type 'Promise<any>'.

261                                                 Stat: awsS3Data.index[_i]
                                                                    ~~~~~


Error: src/app/analytics.service.ts:263:77 - error TS2339: Property 'columns' does not exist on type 'Promise<any> | (() => Promise<string>)'.
  Property 'columns' does not exist on type 'Promise<any>'.

263                                             for (let _q = 0; _q < awsS3Data.columns.length; _q++) {
                                                                                ~~~~~~~


Error: src/app/analytics.service.ts:264:64 - error TS2339: Property 'columns' does not exist on type 'Promise<any> | (() => Promise<string>)'.
  Property 'columns' does not exist on type 'Promise<any>'.

264                                                 stat[awsS3Data.columns[_q]] = awsS3Data.data[_i][_q];
                                                                   ~~~~~~~


Error: src/app/analytics.service.ts:264:89 - error TS2339: Property 'data' does not exist on type 'Promise<any> | (() => Promise<string>)'.
  Property 'data' does not exist on type 'Promise<any>'.

264                                                 stat[awsS3Data.columns[_q]] = awsS3Data.data[_i][_q];
                                                                                            ~~~~


Error: src/app/analytics.service.ts:325:36 - error TS2339: Property 'returns_tear_sheet' does not exist on type 'Promise<any> | (() => Promise<string>)'.
  Property 'returns_tear_sheet' does not exist on type 'Promise<any>'.

325                     if (!awsS3Data.returns_tear_sheet) {
                                       ~~~~~~~~~~~~~~~~~~


Error: src/app/analytics.service.ts:338:99 - error TS2339: Property 'returns_tear_sheet' does not exist on type 'Promise<any> | (() => Promise<string>)'.
  Property 'returns_tear_sheet' does not exist on type 'Promise<any>'.

338                         message: `Asset returns tear sheet for ${data.p_i.args}`, data: awsS3Data.returns_tear_sheet
                                                                                                      ~~~~~~~~~~~~~~~~~~


Error: src/app/assets/assets.service.ts:12:22 - error TS2307: Cannot find module '@angular/http' or its corresponding type declarations.

12 import { Http } from '@angular/http';
                        ~~~~~~~~~~~~~~~


Error: src/app/bond/bond.service.ts:8:32 - error TS2307: Cannot find module '@angular/http' or its corresponding type declarations.

8 import { Http, Response } from '@angular/http';
                                 ~~~~~~~~~~~~~~~


Error: src/app/common/nsq.service.ts:8:32 - error TS2307: Cannot find module '@angular/http' or its corresponding type declarations.

8 import { Http, Response } from '@angular/http';
                                 ~~~~~~~~~~~~~~~


Error: src/app/earnings/earnings.service.ts:2:32 - error TS2307: Cannot find module '@angular/http' or its corresponding type declarations.

2 import { Http, Response } from '@angular/http';
                                 ~~~~~~~~~~~~~~~


Error: src/app/etfs/etf.service.ts:2:32 - error TS2307: Cannot find module '@angular/http' or its corresponding type declarations.

2 import { Http, Response } from '@angular/http';
                                 ~~~~~~~~~~~~~~~


Error: src/app/feed/feed.service.ts:2:32 - error TS2307: Cannot find module '@angular/http' or its corresponding type declarations.

2 import { Http, Response } from '@angular/http';
                                 ~~~~~~~~~~~~~~~


Error: src/app/fundamentals/fundamental.service.ts:2:32 - error TS2307: Cannot find module '@angular/http' or its corresponding type declarations.

2 import { Http, Response } from '@angular/http';
                                 ~~~~~~~~~~~~~~~


Error: src/app/ignite-ui/main/dashboard.service.ts:4:32 - error TS2307: Cannot find module '@angular/http' or its corresponding type declarations.

4 import { Http, Response } from '@angular/http';
                                 ~~~~~~~~~~~~~~~


Error: src/app/mutual-funds/mutual-funds.service.ts:2:32 - error TS2307: Cannot find module '@angular/http' or its corresponding type declarations.

2 import { Http, Response } from '@angular/http';
                                 ~~~~~~~~~~~~~~~


Error: src/app/option/option.service.ts:7:32 - error TS2307: Cannot find module '@angular/http' or its corresponding type declarations.

7 import { Http, Response } from '@angular/http';
                                 ~~~~~~~~~~~~~~~


Error: src/app/quotes/quotes.service.ts:11:32 - error TS2307: Cannot find module '@angular/http' or its corresponding type declarations.

11 import { Http, Response } from '@angular/http';
                                  ~~~~~~~~~~~~~~~




âœ– Failed to compile.
